<?xml version="1.0" encoding="UTF-8"?>
<!-- Generated by org.testng.reporters.JUnitReportReporter -->
<testsuite hostname="prasad-PC" failures="0" tests="1" name="com.vijaya.progs.LoginTest" time="22.628" errors="0" timestamp="29 Jan 2022 14:07:33 GMT" skipped="0">
  <testcase classname="com.vijaya.progs.LoginTest" name="test" time="22.628"/>
</testsuite> <!-- com.vijaya.progs.LoginTest -->
