<?xml version="1.0" encoding="UTF-8"?>
<!-- Generated by org.testng.reporters.JUnitReportReporter -->
<testsuite hostname="prasad-PC" failures="0" tests="1" name="com.vijaya.progs.LoginTest" time="21.441" errors="0" timestamp="30 Jan 2022 08:03:38 GMT" skipped="0">
  <testcase classname="com.vijaya.progs.LoginTest" name="test1" time="21.441"/>
</testsuite> <!-- com.vijaya.progs.LoginTest -->
