<?xml version="1.0" encoding="UTF-8"?>
<!-- Generated by org.testng.reporters.JUnitReportReporter -->
<testsuite hostname="prasad-PC" failures="0" tests="1" name="com.vijaya.progs.LoginTest" time="22.258" errors="0" timestamp="30 Jan 2022 11:10:27 GMT" skipped="0">
  <testcase classname="com.vijaya.progs.LoginTest" name="test1" time="22.258"/>
</testsuite> <!-- com.vijaya.progs.LoginTest -->
